<?xml version="1.0" encoding="UTF-8"?>
<!-- Generated by org.testng.reporters.JUnitReportReporter -->
<testsuite hostname="CI-LR-197" failures="0" tests="2" name="org.prakash.Runner.TestRunner" time="7.170" errors="0" timestamp="2024-03-05T12:10:05 IST" skipped="0">
  <testcase classname="org.prakash.Runner.TestRunner" name="runScenario" time="5.713"/>
  <testcase classname="org.prakash.Runner.TestRunner" name="runScenario" time="1.457"/>
</testsuite> <!-- org.prakash.Runner.TestRunner -->
